[01-Dec-2025 16:01:45 Europe/Berlin] PHP Warning:  require(vendor/autoload.php): Failed to open stream: No such file or directory in C:\xampp\htdocs\ngo project\version2\create-order.php on line 7
[01-Dec-2025 16:01:45 Europe/Berlin] PHP Fatal error:  Uncaught Error: Failed opening required 'vendor/autoload.php' (include_path='C:\xampp\php\PEAR') in C:\xampp\htdocs\ngo project\version2\create-order.php:7
Stack trace:
#0 {main}
  thrown in C:\xampp\htdocs\ngo project\version2\create-order.php on line 7
[01-Dec-2025 16:01:48 Europe/Berlin] PHP Warning:  require(vendor/autoload.php): Failed to open stream: No such file or directory in C:\xampp\htdocs\ngo project\version2\create-order.php on line 7
[01-Dec-2025 16:01:48 Europe/Berlin] PHP Fatal error:  Uncaught Error: Failed opening required 'vendor/autoload.php' (include_path='C:\xampp\php\PEAR') in C:\xampp\htdocs\ngo project\version2\create-order.php:7
Stack trace:
#0 {main}
  thrown in C:\xampp\htdocs\ngo project\version2\create-order.php on line 7
[01-Dec-2025 16:01:49 Europe/Berlin] PHP Warning:  require(vendor/autoload.php): Failed to open stream: No such file or directory in C:\xampp\htdocs\ngo project\version2\create-order.php on line 7
[01-Dec-2025 16:01:49 Europe/Berlin] PHP Fatal error:  Uncaught Error: Failed opening required 'vendor/autoload.php' (include_path='C:\xampp\php\PEAR') in C:\xampp\htdocs\ngo project\version2\create-order.php:7
Stack trace:
#0 {main}
  thrown in C:\xampp\htdocs\ngo project\version2\create-order.php on line 7
[01-Dec-2025 16:01:49 Europe/Berlin] PHP Warning:  require(vendor/autoload.php): Failed to open stream: No such file or directory in C:\xampp\htdocs\ngo project\version2\create-order.php on line 7
[01-Dec-2025 16:01:49 Europe/Berlin] PHP Fatal error:  Uncaught Error: Failed opening required 'vendor/autoload.php' (include_path='C:\xampp\php\PEAR') in C:\xampp\htdocs\ngo project\version2\create-order.php:7
Stack trace:
#0 {main}
  thrown in C:\xampp\htdocs\ngo project\version2\create-order.php on line 7
[01-Dec-2025 16:01:49 Europe/Berlin] PHP Warning:  require(vendor/autoload.php): Failed to open stream: No such file or directory in C:\xampp\htdocs\ngo project\version2\create-order.php on line 7
[01-Dec-2025 16:01:49 Europe/Berlin] PHP Fatal error:  Uncaught Error: Failed opening required 'vendor/autoload.php' (include_path='C:\xampp\php\PEAR') in C:\xampp\htdocs\ngo project\version2\create-order.php:7
Stack trace:
#0 {main}
  thrown in C:\xampp\htdocs\ngo project\version2\create-order.php on line 7
